Detecting C compiler ABI info failed to compile with the following output:
Change Dir: /Users/arthur/Documents/private/coding/root/pyrootcpp/build/CMakeFiles/CMakeScratch/TryCompile-GJdD10

Run Build Command(s):/usr/bin/make -f Makefile cmTC_aa841/fast && /Library/Developer/CommandLineTools/usr/bin/make  -f CMakeFiles/cmTC_aa841.dir/build.make CMakeFiles/cmTC_aa841.dir/build
Building C object CMakeFiles/cmTC_aa841.dir/CMakeCCompilerABI.c.o
/Users/arthur/opt/anaconda3/envs/rootenv/bin/x86_64-apple-darwin13.4.0-clang   -march=core2 -mtune=haswell -mssse3 -ftree-vectorize -fPIC -fPIE -fstack-protector-strong -O2 -pipe -isystem /Users/arthur/opt/anaconda3/envs/rootenv/include  -arch arm64 -isysroot /Library/Developer/CommandLineTools/SDKs/MacOSX.sdk   -v -Wl,-v -MD -MT CMakeFiles/cmTC_aa841.dir/CMakeCCompilerABI.c.o -MF CMakeFiles/cmTC_aa841.dir/CMakeCCompilerABI.c.o.d -o CMakeFiles/cmTC_aa841.dir/CMakeCCompilerABI.c.o -c /opt/homebrew/Cellar/cmake/3.25.2/share/cmake/Modules/CMakeCCompilerABI.c
clang version 14.0.6
Target: arm64-apple-darwin13.4.0
Thread model: posix
InstalledDir: /Users/arthur/opt/anaconda3/envs/rootenv/bin
clang-14: warning: -Wl,-v: 'linker' input unused [-Wunused-command-line-argument]
clang-14: error: the clang compiler does not support '-march=core2'
make[1]: *** [CMakeFiles/cmTC_aa841.dir/CMakeCCompilerABI.c.o] Error 1
make: *** [cmTC_aa841/fast] Error 2




Determining if the C compiler works failed with the following output:
Change Dir: /Users/arthur/Documents/private/coding/root/pyrootcpp/build/CMakeFiles/CMakeScratch/TryCompile-GsU7xS

Run Build Command(s):/usr/bin/make -f Makefile cmTC_99a5a/fast && /Library/Developer/CommandLineTools/usr/bin/make  -f CMakeFiles/cmTC_99a5a.dir/build.make CMakeFiles/cmTC_99a5a.dir/build
Building C object CMakeFiles/cmTC_99a5a.dir/testCCompiler.c.o
/Users/arthur/opt/anaconda3/envs/rootenv/bin/x86_64-apple-darwin13.4.0-clang   -march=core2 -mtune=haswell -mssse3 -ftree-vectorize -fPIC -fPIE -fstack-protector-strong -O2 -pipe -isystem /Users/arthur/opt/anaconda3/envs/rootenv/include  -arch arm64 -isysroot /Library/Developer/CommandLineTools/SDKs/MacOSX.sdk -MD -MT CMakeFiles/cmTC_99a5a.dir/testCCompiler.c.o -MF CMakeFiles/cmTC_99a5a.dir/testCCompiler.c.o.d -o CMakeFiles/cmTC_99a5a.dir/testCCompiler.c.o -c /Users/arthur/Documents/private/coding/root/pyrootcpp/build/CMakeFiles/CMakeScratch/TryCompile-GsU7xS/testCCompiler.c
clang-14: error: the clang compiler does not support '-march=core2'
make[1]: *** [CMakeFiles/cmTC_99a5a.dir/testCCompiler.c.o] Error 1
make: *** [cmTC_99a5a/fast] Error 2



